-------------------------------------------------------------------------------
Test set: de.jwiegmann.registry.poc.control.KafkaConsumerIntegrationTest
-------------------------------------------------------------------------------
Tests run: 1, Failures: 0, Errors: 1, Skipped: 0, Time elapsed: 61.22 s <<< FAILURE! -- in de.jwiegmann.registry.poc.control.KafkaConsumerIntegrationTest
de.jwiegmann.registry.poc.control.KafkaConsumerIntegrationTest -- Time elapsed: 61.22 s <<< ERROR!
org.testcontainers.containers.ContainerLaunchException: Container startup failed for image confluentinc/cp-schema-registry:7.9.0
	at org.testcontainers.containers.GenericContainer.doStart(GenericContainer.java:351)
	at org.testcontainers.containers.GenericContainer.start(GenericContainer.java:322)
	at org.testcontainers.junit.jupiter.TestcontainersExtension$StoreAdapter.start(TestcontainersExtension.java:276)
	at org.testcontainers.junit.jupiter.TestcontainersExtension$StoreAdapter.access$200(TestcontainersExtension.java:263)
	at org.testcontainers.junit.jupiter.TestcontainersExtension.lambda$startContainers$4(TestcontainersExtension.java:83)
	at org.testcontainers.junit.jupiter.TestcontainersExtension.lambda$startContainers$5(TestcontainersExtension.java:83)
	at java.base/java.util.ArrayList.forEach(ArrayList.java:1597)
	at org.testcontainers.junit.jupiter.TestcontainersExtension.startContainers(TestcontainersExtension.java:83)
	at org.testcontainers.junit.jupiter.TestcontainersExtension.beforeAll(TestcontainersExtension.java:57)
	at java.base/java.util.ArrayList.forEach(ArrayList.java:1597)
Caused by: org.rnorth.ducttape.RetryCountExceededException: Retry limit hit with exception
	at org.rnorth.ducttape.unreliables.Unreliables.retryUntilSuccess(Unreliables.java:88)
	at org.testcontainers.containers.GenericContainer.doStart(GenericContainer.java:336)
	... 9 more
Caused by: org.testcontainers.containers.ContainerLaunchException: Could not create/start container
	at org.testcontainers.containers.GenericContainer.tryStart(GenericContainer.java:556)
	at org.testcontainers.containers.GenericContainer.lambda$doStart$0(GenericContainer.java:346)
	at org.rnorth.ducttape.unreliables.Unreliables.retryUntilSuccess(Unreliables.java:81)
	... 10 more
Caused by: java.lang.IllegalStateException: Wait strategy failed. Container exited with code 1
	at org.testcontainers.containers.GenericContainer.tryStart(GenericContainer.java:525)
	... 12 more
Caused by: org.testcontainers.containers.ContainerLaunchException: Timed out waiting for URL to be accessible (http://localhost:63507/subjects should return HTTP [200])
	at org.testcontainers.containers.wait.strategy.HttpWaitStrategy.waitUntilReady(HttpWaitStrategy.java:320)
	at org.testcontainers.containers.wait.strategy.AbstractWaitStrategy.waitUntilReady(AbstractWaitStrategy.java:52)
	at org.testcontainers.containers.GenericContainer.waitUntilContainerStarted(GenericContainer.java:909)
	at org.testcontainers.containers.GenericContainer.tryStart(GenericContainer.java:492)
	... 12 more
Caused by: org.rnorth.ducttape.TimeoutException: Timeout waiting for result with exception
	at org.rnorth.ducttape.unreliables.Unreliables.retryUntilSuccess(Unreliables.java:54)
	at org.testcontainers.containers.wait.strategy.HttpWaitStrategy.waitUntilReady(HttpWaitStrategy.java:252)
	... 15 more
Caused by: java.lang.RuntimeException: java.net.ConnectException: Connection refused
	at org.testcontainers.containers.wait.strategy.HttpWaitStrategy.lambda$waitUntilReady$6(HttpWaitStrategy.java:312)
	at org.rnorth.ducttape.ratelimits.RateLimiter.doWhenReady(RateLimiter.java:27)
	at org.testcontainers.containers.wait.strategy.HttpWaitStrategy.lambda$waitUntilReady$7(HttpWaitStrategy.java:257)
	at org.rnorth.ducttape.unreliables.Unreliables.lambda$retryUntilSuccess$0(Unreliables.java:43)
	at java.base/java.util.concurrent.FutureTask.run(FutureTask.java:317)
	at java.base/java.util.concurrent.ThreadPoolExecutor.runWorker(ThreadPoolExecutor.java:1144)
	at java.base/java.util.concurrent.ThreadPoolExecutor$Worker.run(ThreadPoolExecutor.java:642)
	at java.base/java.lang.Thread.run(Thread.java:1575)
Caused by: java.net.ConnectException: Connection refused
	at java.base/sun.nio.ch.Net.connect0(Native Method)
	at java.base/sun.nio.ch.Net.connect(Net.java:589)
	at java.base/sun.nio.ch.Net.connect(Net.java:578)
	at java.base/sun.nio.ch.NioSocketImpl.connect(NioSocketImpl.java:583)
	at java.base/java.net.Socket.connect(Socket.java:760)
	at java.base/java.net.Socket.connect(Socket.java:695)
	at java.base/sun.net.NetworkClient.doConnect(NetworkClient.java:183)
	at java.base/sun.net.www.http.HttpClient.openServer(HttpClient.java:531)
	at java.base/sun.net.www.http.HttpClient.openServer(HttpClient.java:636)
	at java.base/sun.net.www.http.HttpClient.<init>(HttpClient.java:280)
	at java.base/sun.net.www.http.HttpClient.New(HttpClient.java:386)
	at java.base/sun.net.www.http.HttpClient.New(HttpClient.java:408)
	at java.base/sun.net.www.protocol.http.HttpURLConnection.getNewHttpClient(HttpURLConnection.java:1310)
	at java.base/sun.net.www.protocol.http.HttpURLConnection.plainConnect0(HttpURLConnection.java:1243)
	at java.base/sun.net.www.protocol.http.HttpURLConnection.plainConnect(HttpURLConnection.java:1129)
	at java.base/sun.net.www.protocol.http.HttpURLConnection.connect(HttpURLConnection.java:1058)
	at org.testcontainers.containers.wait.strategy.HttpWaitStrategy.lambda$waitUntilReady$6(HttpWaitStrategy.java:274)
	... 7 more

